<?xml version="1.0" encoding="UTF-8" ?>
<testsuites>
  <testsuite errors="0" failures="0" hostname="Devin" id="0" name="CalculatorTest" package="com.test.junit" skipped="0" tests="4" time="0.069" timestamp="2016-12-08T10:07:28">
      <properties>
[...]
</properties>

      <testcase classname="com.test.junit.CalculatorTest" name="subtact" time="0.003" />

      <testcase classname="com.test.junit.CalculatorTest" name="divide" time="0.0" />

      <testcase classname="com.test.junit.CalculatorTest" name="add" time="0.0" />

      <testcase classname="com.test.junit.CalculatorTest" name="multiply" time="0.0" />

      <system-out><![CDATA[]]></system-out>

      <system-err><![CDATA[]]></system-err>

  </testsuite>
</testsuites>
